#
# A fatal error has been detected by the Java Runtime Environment:
#
#  EXCEPTION_ACCESS_VIOLATION (0xc0000005) at pc=0x000000007569fed0, pid=804, tid=0x0000000000003a90
#
# JRE version: Java(TM) SE Runtime Environment (8.0_152-b16) (build 1.8.0_152-b16)
# Java VM: Java HotSpot(TM) 64-Bit Server VM (25.152-b16 mixed mode windows-amd64 compressed oops)
# Problematic frame:
# V  [jvm.dll+0xafed0]
#
# Failed to write core dump. Minidumps are not enabled by default on client versions of Windows
#
# If you would like to submit a bug report, please visit:
#   http://bugreport.java.com/bugreport/crash.jsp
#

---------------  T H R E A D  ---------------

Current thread (0x0000000002e7a000):  GCTaskThread [stack: 0x0000000012790000,0x0000000012890000] [id=14992]

siginfo: ExceptionCode=0xc0000005, reading address 0x00000007f9000898

Registers:
RAX=0x0000000012a90000, RBX=0x00000000c41e6ec9, RCX=0x00000000c41e6ec9, RDX=0x00000007f9000890
RSP=0x000000001288f838, RBP=0x0000000002f4d0b0, RSI=0x00000000c41edaf4, RDI=0x00000000c41e6ec9
R8 =0x0000000000020f37, R9 =0x0000000002f4d0b0, R10=0x000000000000004e, R11=0x00000000c41e6dc8
R12=0x00000000c41edafc, R13=0x000000000000000f, R14=0x00000000c41edab0, R15=0x000000000000000f
RIP=0x000000007569fed0, EFLAGS=0x0000000000010206

Top of Stack: (sp=0x000000001288f838)
0x000000001288f838:   00000000756fb7b7 00000000c41e6dc8
0x000000001288f848:   0000000002f4d0b0 00000000c41edadc
0x000000001288f858:   0000000000000004 00000000c41e6ec9
0x000000001288f868:   000000007572ab9a 000000000000004c
0x000000001288f878:   0000000075704d06 00000000c41edab0
0x000000001288f888:   00000000c41ed98c 0000000002f4d0b0
0x000000001288f898:   000000007572aca3 0000000000000000
0x000000001288f8a8:   0000000002e7a530 0000000002e6eab0
0x000000001288f8b8:   0000000000000000 000000000000004c
0x000000001288f8c8:   00000000759e8a50 0000000002f4d0b0
0x000000001288f8d8:   0000000000000001 0000000075c46b48
0x000000001288f8e8:   0000000075c46b48 00000000c3e34e60
0x000000001288f8f8:   00000000759ecb78 0000000075e10860
0x000000001288f908:   0000000000000005 0000000000000000
0x000000001288f918:   0000015c0000004f 00000000fc7d612c
0x000000001288f928:   0000000075704d06 00000000c3e34e60 

Instructions: (pc=0x000000007569fed0)
0x000000007569feb0:   1c bf 1d 00 48 8b 9c 24 d0 00 00 00 48 81 c4 c0
0x000000007569fec0:   00 00 00 5d c3 cc cc cc cc cc cc cc cc cc cc cc
0x000000007569fed0:   44 8b 42 08 4c 8b ca 45 85 c0 7e 0e 41 f6 c0 01
0x000000007569fee0:   75 57 41 c1 f8 03 41 8b c0 c3 79 4d 80 3d ee 15 


Register to memory mapping:

RAX=0x0000000012a90000 is an unknown value
RBX=0x00000000c41e6ec9 is pointing into object: 0x00000000c41e6ec8
com.android.dx.dex.code.CodeAddress 
 - klass: 'com/android/dx/dex/code/CodeAddress'
RCX=0x00000000c41e6ec9 is pointing into object: 0x00000000c41e6ec8
com.android.dx.dex.code.CodeAddress 
 - klass: 'com/android/dx/dex/code/CodeAddress'
RDX=0x00000007f9000890 is an unknown value
RSP=0x000000001288f838 is an unknown value
RBP=0x0000000002f4d0b0 is an unknown value
RSI=0x00000000c41edaf4 is pointing into object: 0x00000000c41edab0
[Lcom.android.dx.dex.code.CodeAddress; 
 - klass: 'com/android/dx/dex/code/CodeAddress'[]
 - length: 15
RDI=0x00000000c41e6ec9 is pointing into object: 0x00000000c41e6ec8
com.android.dx.dex.code.CodeAddress 
 - klass: 'com/android/dx/dex/code/CodeAddress'
R8 =0x0000000000020f37 is an unknown value
R9 =0x0000000002f4d0b0 is an unknown value
R10=0x000000000000004e is an unknown value
R11=0x00000000c41e6dc8 is an oop
com.android.dx.dex.code.CodeAddress 
 - klass: 'com/android/dx/dex/code/CodeAddress'
R12=0x00000000c41edafc is pointing into object: 0x00000000c41edab0
[Lcom.android.dx.dex.code.CodeAddress; 
 - klass: 'com/android/dx/dex/code/CodeAddress'[]
 - length: 15
R13=0x000000000000000f is an unknown value
R14=0x00000000c41edab0 is an oop
[Lcom.android.dx.dex.code.CodeAddress; 
 - klass: 'com/android/dx/dex/code/CodeAddress'[]
 - length: 15
R15=0x000000000000000f is an unknown value


Stack: [0x0000000012790000,0x0000000012890000],  sp=0x000000001288f838,  free space=1022k
Native frames: (J=compiled Java code, j=interpreted, Vv=VM code, C=native code)
V  [jvm.dll+0xafed0]


---------------  P R O C E S S  ---------------

Java Threads: ( => current thread )
  0x0000000017252800 JavaThread "pool-2-thread-1" [_thread_blocked, id=8916, stack(0x0000000017690000,0x0000000017790000)]
  0x000000001724e000 JavaThread "pool-1-thread-1" [_thread_blocked, id=14188, stack(0x0000000017590000,0x0000000017690000)]
  0x000000001568e800 JavaThread "Service Thread" daemon [_thread_blocked, id=1556, stack(0x0000000017390000,0x0000000017490000)]
  0x0000000015638800 JavaThread "C1 CompilerThread2" daemon [_thread_blocked, id=15044, stack(0x0000000016e90000,0x0000000016f90000)]
  0x0000000015637000 JavaThread "C2 CompilerThread1" daemon [_thread_blocked, id=6960, stack(0x0000000016d90000,0x0000000016e90000)]
  0x0000000015630000 JavaThread "C2 CompilerThread0" daemon [_thread_blocked, id=15832, stack(0x0000000016c90000,0x0000000016d90000)]
  0x000000001562e800 JavaThread "Attach Listener" daemon [_thread_blocked, id=576, stack(0x0000000016b90000,0x0000000016c90000)]
  0x000000001562b000 JavaThread "Signal Dispatcher" daemon [_thread_blocked, id=15052, stack(0x0000000016a90000,0x0000000016b90000)]
  0x0000000015619000 JavaThread "Finalizer" daemon [_thread_blocked, id=4772, stack(0x0000000016890000,0x0000000016990000)]
  0x0000000002f53000 JavaThread "Reference Handler" daemon [_thread_blocked, id=10740, stack(0x0000000016790000,0x0000000016890000)]
  0x0000000002e5e800 JavaThread "main" [_thread_blocked, id=9212, stack(0x0000000002d00000,0x0000000002e00000)]

Other Threads:
  0x00000000155f7000 VMThread [stack: 0x0000000016690000,0x0000000016790000] [id=7512]
  0x0000000016fdb800 WatcherThread [stack: 0x0000000017490000,0x0000000017590000] [id=10764]

=>0x0000000002e7a000 (exited) GCTaskThread [stack: 0x0000000012790000,0x0000000012890000] [id=14992]

VM state:at safepoint (normal execution)

VM Mutex/Monitor currently owned by a thread:  ([mutex/lock_event])
[0x0000000002e609d0] Threads_lock - owner thread: 0x00000000155f7000
[0x0000000002e60a50] Heap_lock - owner thread: 0x000000001724e000

Heap:
 PSYoungGen      total 298496K, used 33788K [0x00000000eab00000, 0x0000000100000000, 0x0000000100000000)
  eden space 264704K, 0% used [0x00000000eab00000,0x00000000eab00000,0x00000000fad80000)
  from space 33792K, 99% used [0x00000000fad80000,0x00000000fce7f2e0,0x00000000fce80000)
  to   space 50688K, 0% used [0x00000000fce80000,0x00000000fce80000,0x0000000100000000)
 ParOldGen       total 87552K, used 83570K [0x00000000c0000000, 0x00000000c5580000, 0x00000000eab00000)
  object space 87552K, 95% used [0x00000000c0000000,0x00000000c519c940,0x00000000c5580000)
 Metaspace       used 6716K, capacity 7320K, committed 7680K, reserved 1056768K
  class space    used 639K, capacity 656K, committed 768K, reserved 1048576K

Card table byte_map: [0x0000000012320000,0x0000000012530000] byte_map_base: 0x0000000011d20000

Marking Bits: (ParMarkBitMap*) 0x0000000075e10860
 Begin Bits: [0x0000000012a90000, 0x0000000013a90000)
 End Bits:   [0x0000000013a90000, 0x0000000014a90000)

Polling page: 0x0000000002e00000

CodeCache: size=245760Kb used=9937Kb max_used=9960Kb free=235822Kb
 bounds [0x0000000002f60000, 0x0000000003930000, 0x0000000011f60000]
 total_blobs=2468 nmethods=2197 adapters=183
 compilation: enabled

Compilation events (10 events):
Event: 4.737 Thread 0x0000000015638800 2299       2       com.android.dx.ssa.SsaMethod$2::visitMoveInsn (6 bytes)
Event: 4.738 Thread 0x0000000015638800 nmethod 2299 0x00000000038c8810 code [0x00000000038c8980, 0x00000000038c8ae8]
Event: 4.786 Thread 0x0000000015630000 nmethod 2254 0x0000000003906650 code [0x0000000003906e20, 0x00000000039101a8]
Event: 4.787 Thread 0x0000000015630000 2216 %     4       com.android.dx.ssa.SsaMethod::mapRegisters @ 8 (87 bytes)
Event: 4.834 Thread 0x0000000015637000 nmethod 2273 0x000000000391ee50 code [0x000000000391f380, 0x0000000003923538]
Event: 4.834 Thread 0x0000000015637000 2274 %     4       com.android.dx.rop.code.RopMethod::calcPredecessors @ 157 (227 bytes)
Event: 4.840 Thread 0x0000000015637000 nmethod 2274% 0x0000000003905b10 code [0x0000000003905ca0, 0x0000000003906090]
Event: 4.840 Thread 0x0000000015637000 2083       4       com.android.dx.ssa.SsaBasicBlock::forEachInsn (37 bytes)
Event: 4.897 Thread 0x0000000015638800 2304       2       java.util.HashMap::comparableClassFor (105 bytes)
Event: 4.897 Thread 0x0000000015638800 nmethod 2304 0x00000000038f1f10 code [0x00000000038f20c0, 0x00000000038f2528]

GC Heap History (10 events):
Event: 1.471 GC heap after
Heap after GC invocations=3 (full 0):
 PSYoungGen      total 71680K, used 5107K [0x00000000eab00000, 0x00000000f3700000, 0x0000000100000000)
  eden space 66560K, 0% used [0x00000000eab00000,0x00000000eab00000,0x00000000eec00000)
  from space 5120K, 99% used [0x00000000eec00000,0x00000000ef0fce38,0x00000000ef100000)
  to   space 5120K, 0% used [0x00000000f3200000,0x00000000f3200000,0x00000000f3700000)
 ParOldGen       total 87552K, used 19504K [0x00000000c0000000, 0x00000000c5580000, 0x00000000eab00000)
  object space 87552K, 22% used [0x00000000c0000000,0x00000000c130c1a8,0x00000000c5580000)
 Metaspace       used 6326K, capacity 7128K, committed 7424K, reserved 1056768K
  class space    used 603K, capacity 656K, committed 768K, reserved 1048576K
}
Event: 1.784 GC heap before
{Heap before GC invocations=4 (full 0):
 PSYoungGen      total 71680K, used 71667K [0x00000000eab00000, 0x00000000f3700000, 0x0000000100000000)
  eden space 66560K, 100% used [0x00000000eab00000,0x00000000eec00000,0x00000000eec00000)
  from space 5120K, 99% used [0x00000000eec00000,0x00000000ef0fce38,0x00000000ef100000)
  to   space 5120K, 0% used [0x00000000f3200000,0x00000000f3200000,0x00000000f3700000)
 ParOldGen       total 87552K, used 19504K [0x00000000c0000000, 0x00000000c5580000, 0x00000000eab00000)
  object space 87552K, 22% used [0x00000000c0000000,0x00000000c130c1a8,0x00000000c5580000)
 Metaspace       used 6356K, capacity 7128K, committed 7424K, reserved 1056768K
  class space    used 603K, capacity 656K, committed 768K, reserved 1048576K
Event: 1.809 GC heap after
Heap after GC invocations=4 (full 0):
 PSYoungGen      total 138240K, used 5114K [0x00000000eab00000, 0x00000000f3700000, 0x0000000100000000)
  eden space 133120K, 0% used [0x00000000eab00000,0x00000000eab00000,0x00000000f2d00000)
  from space 5120K, 99% used [0x00000000f3200000,0x00000000f36fea48,0x00000000f3700000)
  to   space 5120K, 0% used [0x00000000f2d00000,0x00000000f2d00000,0x00000000f3200000)
 ParOldGen       total 87552K, used 33990K [0x00000000c0000000, 0x00000000c5580000, 0x00000000eab00000)
  object space 87552K, 38% used [0x00000000c0000000,0x00000000c2131bb8,0x00000000c5580000)
 Metaspace       used 6356K, capacity 7128K, committed 7424K, reserved 1056768K
  class space    used 603K, capacity 656K, committed 768K, reserved 1048576K
}
Event: 2.454 GC heap before
{Heap before GC invocations=5 (full 0):
 PSYoungGen      total 138240K, used 138234K [0x00000000eab00000, 0x00000000f3700000, 0x0000000100000000)
  eden space 133120K, 100% used [0x00000000eab00000,0x00000000f2d00000,0x00000000f2d00000)
  from space 5120K, 99% used [0x00000000f3200000,0x00000000f36fea48,0x00000000f3700000)
  to   space 5120K, 0% used [0x00000000f2d00000,0x00000000f2d00000,0x00000000f3200000)
 ParOldGen       total 87552K, used 33990K [0x00000000c0000000, 0x00000000c5580000, 0x00000000eab00000)
  object space 87552K, 38% used [0x00000000c0000000,0x00000000c2131bb8,0x00000000c5580000)
 Metaspace       used 6619K, capacity 7192K, committed 7424K, reserved 1056768K
  class space    used 638K, capacity 656K, committed 768K, reserved 1048576K
Event: 2.504 GC heap after
Heap after GC invocations=5 (full 0):
 PSYoungGen      total 138240K, used 5092K [0x00000000eab00000, 0x00000000fee00000, 0x0000000100000000)
  eden space 133120K, 0% used [0x00000000eab00000,0x00000000eab00000,0x00000000f2d00000)
  from space 5120K, 99% used [0x00000000f2d00000,0x00000000f31f9380,0x00000000f3200000)
  to   space 32256K, 0% used [0x00000000fce80000,0x00000000fce80000,0x00000000fee00000)
 ParOldGen       total 87552K, used 56924K [0x00000000c0000000, 0x00000000c5580000, 0x00000000eab00000)
  object space 87552K, 65% used [0x00000000c0000000,0x00000000c3797288,0x00000000c5580000)
 Metaspace       used 6619K, capacity 7192K, committed 7424K, reserved 1056768K
  class space    used 638K, capacity 656K, committed 768K, reserved 1048576K
}
Event: 3.400 GC heap before
{Heap before GC invocations=6 (full 0):
 PSYoungGen      total 138240K, used 138212K [0x00000000eab00000, 0x00000000fee00000, 0x0000000100000000)
  eden space 133120K, 100% used [0x00000000eab00000,0x00000000f2d00000,0x00000000f2d00000)
  from space 5120K, 99% used [0x00000000f2d00000,0x00000000f31f9380,0x00000000f3200000)
  to   space 32256K, 0% used [0x00000000fce80000,0x00000000fce80000,0x00000000fee00000)
 ParOldGen       total 87552K, used 56924K [0x00000000c0000000, 0x00000000c5580000, 0x00000000eab00000)
  object space 87552K, 65% used [0x00000000c0000000,0x00000000c3797288,0x00000000c5580000)
 Metaspace       used 6684K, capacity 7256K, committed 7424K, reserved 1056768K
  class space    used 639K, capacity 656K, committed 768K, reserved 1048576K
Event: 3.465 GC heap after
Heap after GC invocations=6 (full 0):
 PSYoungGen      total 296960K, used 23841K [0x00000000eab00000, 0x00000000ff100000, 0x0000000100000000)
  eden space 264704K, 0% used [0x00000000eab00000,0x00000000eab00000,0x00000000fad80000)
  from space 32256K, 73% used [0x00000000fce80000,0x00000000fe5c86e0,0x00000000fee00000)
  to   space 33792K, 0% used [0x00000000fad80000,0x00000000fad80000,0x00000000fce80000)
 ParOldGen       total 87552K, used 56932K [0x00000000c0000000, 0x00000000c5580000, 0x00000000eab00000)
  object space 87552K, 65% used [0x00000000c0000000,0x00000000c3799288,0x00000000c5580000)
 Metaspace       used 6684K, capacity 7256K, committed 7424K, reserved 1056768K
  class space    used 639K, capacity 656K, committed 768K, reserved 1048576K
}
Event: 4.906 GC heap before
{Heap before GC invocations=7 (full 0):
 PSYoungGen      total 296960K, used 288545K [0x00000000eab00000, 0x00000000ff100000, 0x0000000100000000)
  eden space 264704K, 100% used [0x00000000eab00000,0x00000000fad80000,0x00000000fad80000)
  from space 32256K, 73% used [0x00000000fce80000,0x00000000fe5c86e0,0x00000000fee00000)
  to   space 33792K, 0% used [0x00000000fad80000,0x00000000fad80000,0x00000000fce80000)
 ParOldGen       total 87552K, used 56932K [0x00000000c0000000, 0x00000000c5580000, 0x00000000eab00000)
  object space 87552K, 65% used [0x00000000c0000000,0x00000000c3799288,0x00000000c5580000)
 Metaspace       used 6716K, capacity 7320K, committed 7680K, reserved 1056768K
  class space    used 639K, capacity 656K, committed 768K, reserved 1048576K
Event: 5.006 GC heap after
Heap after GC invocations=7 (full 0):
 PSYoungGen      total 298496K, used 33788K [0x00000000eab00000, 0x0000000100000000, 0x0000000100000000)
  eden space 264704K, 0% used [0x00000000eab00000,0x00000000eab00000,0x00000000fad80000)
  from space 33792K, 99% used [0x00000000fad80000,0x00000000fce7f2e0,0x00000000fce80000)
  to   space 50688K, 0% used [0x00000000fce80000,0x00000000fce80000,0x0000000100000000)
 ParOldGen       total 87552K, used 83570K [0x00000000c0000000, 0x00000000c5580000, 0x00000000eab00000)
  object space 87552K, 95% used [0x00000000c0000000,0x00000000c519c940,0x00000000c5580000)
 Metaspace       used 6716K, capacity 7320K, committed 7680K, reserved 1056768K
  class space    used 639K, capacity 656K, committed 768K, reserved 1048576K
}
Event: 5.006 GC heap before
{Heap before GC invocations=8 (full 1):
 PSYoungGen      total 298496K, used 33788K [0x00000000eab00000, 0x0000000100000000, 0x0000000100000000)
  eden space 264704K, 0% used [0x00000000eab00000,0x00000000eab00000,0x00000000fad80000)
  from space 33792K, 99% used [0x00000000fad80000,0x00000000fce7f2e0,0x00000000fce80000)
  to   space 50688K, 0% used [0x00000000fce80000,0x00000000fce80000,0x0000000100000000)
 ParOldGen       total 87552K, used 83570K [0x00000000c0000000, 0x00000000c5580000, 0x00000000eab00000)
  object space 87552K, 95% used [0x00000000c0000000,0x00000000c519c940,0x00000000c5580000)
 Metaspace       used 6716K, capacity 7320K, committed 7680K, reserved 1056768K
  class space    used 639K, capacity 656K, committed 768K, reserved 1048576K

Deoptimization events (10 events):
Event: 3.669 Thread 0x0000000002e5e800 Uncommon trap: reason=speculate_class_check action=maybe_recompile pc=0x0000000003850338 method=com.android.dx.ssa.SsaInsn.mapRegisters(Lcom/android/dx/ssa/RegisterMapper;)V @ 31
Event: 3.670 Thread 0x000000001724e000 Uncommon trap: reason=speculate_class_check action=maybe_recompile pc=0x0000000003850338 method=com.android.dx.ssa.SsaInsn.mapRegisters(Lcom/android/dx/ssa/RegisterMapper;)V @ 31
Event: 4.170 Thread 0x0000000002e5e800 Uncommon trap: reason=unstable_if action=reinterpret pc=0x0000000003281378 method=com.android.dx.ssa.SsaMethod.getExitBlock()Lcom/android/dx/ssa/SsaBasicBlock; @ 4
Event: 4.181 Thread 0x000000001724e000 Uncommon trap: reason=class_check action=maybe_recompile pc=0x000000000388a8b4 method=com.android.dx.cf.code.RopperMachine.run(Lcom/android/dx/cf/code/Frame;II)V @ 310
Event: 4.181 Thread 0x000000001724e000 Uncommon trap: reason=class_check action=maybe_recompile pc=0x000000000388a8b4 method=com.android.dx.cf.code.RopperMachine.run(Lcom/android/dx/cf/code/Frame;II)V @ 310
Event: 4.266 Thread 0x0000000002e5e800 Uncommon trap: reason=unstable_if action=reinterpret pc=0x00000000038bfd50 method=com.android.dx.ssa.SCCP.simulateStmt(Lcom/android/dx/ssa/SsaInsn;)V @ 469
Event: 4.303 Thread 0x000000001724e000 Uncommon trap: reason=bimorphic action=maybe_recompile pc=0x00000000038d9f94 method=com.android.dx.ssa.NormalSsaInsn.accept(Lcom/android/dx/ssa/SsaInsn$Visitor;)V @ 9
Event: 4.303 Thread 0x000000001724e000 Uncommon trap: reason=bimorphic action=maybe_recompile pc=0x00000000038d9f94 method=com.android.dx.ssa.NormalSsaInsn.accept(Lcom/android/dx/ssa/SsaInsn$Visitor;)V @ 9
Event: 4.304 Thread 0x000000001724e000 Uncommon trap: reason=bimorphic action=maybe_recompile pc=0x00000000038d9f94 method=com.android.dx.ssa.NormalSsaInsn.accept(Lcom/android/dx/ssa/SsaInsn$Visitor;)V @ 9
Event: 4.305 Thread 0x000000001724e000 Uncommon trap: reason=bimorphic action=maybe_recompile pc=0x00000000038d9f94 method=com.android.dx.ssa.NormalSsaInsn.accept(Lcom/android/dx/ssa/SsaInsn$Visitor;)V @ 9

Classes redefined (0 events):
No events

Internal exceptions (7 events):
Event: 0.031 Thread 0x0000000002e5e800 Exception <a 'java/lang/NoSuchMethodError': Method sun.misc.Unsafe.defineClass(Ljava/lang/String;[BII)Ljava/lang/Class; name or signature does not match> (0x00000000eab07ca8) thrown at [C:\re\workspace\8-2-build-windows-amd64-cygwin\jdk8u152\9742\hotspot\
Event: 0.031 Thread 0x0000000002e5e800 Exception <a 'java/lang/NoSuchMethodError': Method sun.misc.Unsafe.prefetchRead(Ljava/lang/Object;J)V name or signature does not match> (0x00000000eab07f90) thrown at [C:\re\workspace\8-2-build-windows-amd64-cygwin\jdk8u152\9742\hotspot\src\share\vm\prims
Event: 1.976 Thread 0x0000000002e5e800 Exception <a 'java/lang/ArrayIndexOutOfBoundsException': 18> (0x00000000ed818da0) thrown at [C:\re\workspace\8-2-build-windows-amd64-cygwin\jdk8u152\9742\hotspot\src\share\vm\interpreter\interpreterRuntime.cpp, line 366]
Event: 1.976 Thread 0x0000000002e5e800 Exception <a 'java/lang/ArrayIndexOutOfBoundsException'> (0x00000000ed81a920) thrown at [C:\re\workspace\8-2-build-windows-amd64-cygwin\jdk8u152\9742\hotspot\src\share\vm\runtime\sharedRuntime.cpp, line 605]
Event: 1.977 Thread 0x0000000002e5e800 Exception <a 'java/lang/ArrayIndexOutOfBoundsException'> (0x00000000ed81bc08) thrown at [C:\re\workspace\8-2-build-windows-amd64-cygwin\jdk8u152\9742\hotspot\src\share\vm\runtime\sharedRuntime.cpp, line 605]
Event: 2.512 Thread 0x0000000002e5e800 Implicit null exception at 0x000000000323ac62 to 0x000000000323ad5a
Event: 2.666 Thread 0x000000001724e000 Implicit null exception at 0x000000000367e4be to 0x000000000367ed79

Events (10 events):
Event: 4.871 Thread 0x0000000002e5e800 DEOPT UNPACKING pc=0x0000000002fa787f sp=0x0000000002dfe4c8 mode 0
Event: 4.889 Thread 0x000000001724e000 DEOPT PACKING pc=0x0000000003849189 sp=0x000000001768e810
Event: 4.890 Thread 0x000000001724e000 DEOPT UNPACKING pc=0x0000000002fa787f sp=0x000000001768e570 mode 0
Event: 4.890 Thread 0x0000000002e5e800 DEOPT PACKING pc=0x00000000036f3ba7 sp=0x0000000002dfe730
Event: 4.890 Thread 0x0000000002e5e800 DEOPT UNPACKING pc=0x0000000002fa787f sp=0x0000000002dfe4c8 mode 0
Event: 4.892 Thread 0x000000001724e000 DEOPT PACKING pc=0x00000000038bc39c sp=0x000000001768e980
Event: 4.892 Thread 0x000000001724e000 DEOPT UNPACKING pc=0x0000000002fa787f sp=0x000000001768e6d0 mode 0
Event: 4.899 Thread 0x000000001724e000 DEOPT PACKING pc=0x00000000036f3c2d sp=0x000000001768e750
Event: 4.899 Thread 0x000000001724e000 DEOPT UNPACKING pc=0x0000000002fa787f sp=0x000000001768e4e8 mode 0
Event: 4.905 Executing VM operation: ParallelGCFailedAllocation


Dynamic libraries:
0x00007ff7a1fb0000 - 0x00007ff7a1fe7000 	C:\Program Files\Java\jdk1.8.0_152\bin\java.exe
0x00007fffa1800000 - 0x00007fffa19e1000 	C:\WINDOWS\SYSTEM32\ntdll.dll
0x00007fffa0e10000 - 0x00007fffa0ec2000 	C:\WINDOWS\System32\KERNEL32.DLL
0x00007fff9de10000 - 0x00007fff9e083000 	C:\WINDOWS\System32\KERNELBASE.dll
0x00007fff9ed80000 - 0x00007fff9ee21000 	C:\WINDOWS\System32\ADVAPI32.dll
0x00007fffa0ed0000 - 0x00007fffa0f6e000 	C:\WINDOWS\System32\msvcrt.dll
0x00007fffa13b0000 - 0x00007fffa140b000 	C:\WINDOWS\System32\sechost.dll
0x00007fffa16a0000 - 0x00007fffa17c4000 	C:\WINDOWS\System32\RPCRT4.dll
0x00007fff9ee40000 - 0x00007fff9efd0000 	C:\WINDOWS\System32\USER32.dll
0x00007fff9dbd0000 - 0x00007fff9dbf0000 	C:\WINDOWS\System32\win32u.dll
0x00007fffa14e0000 - 0x00007fffa1508000 	C:\WINDOWS\System32\GDI32.dll
0x00007fff9dc70000 - 0x00007fff9de02000 	C:\WINDOWS\System32\gdi32full.dll
0x00007fff9eba0000 - 0x00007fff9ec3f000 	C:\WINDOWS\System32\msvcp_win.dll
0x00007fff9e1a0000 - 0x00007fff9e29a000 	C:\WINDOWS\System32\ucrtbase.dll
0x00007fff94180000 - 0x00007fff943e9000 	C:\WINDOWS\WinSxS\amd64_microsoft.windows.common-controls_6595b64144ccf1df_6.0.17134.285_none_fb4297e330656775\COMCTL32.dll
0x00007fffa0ae0000 - 0x00007fffa0e03000 	C:\WINDOWS\System32\combase.dll
0x00007fff9dbf0000 - 0x00007fff9dc6a000 	C:\WINDOWS\System32\bcryptPrimitives.dll
0x00007fffa1670000 - 0x00007fffa169d000 	C:\WINDOWS\System32\IMM32.DLL
0x0000000075e90000 - 0x0000000075f62000 	C:\Program Files\Java\jdk1.8.0_152\jre\bin\msvcr100.dll
0x00000000755f0000 - 0x0000000075e90000 	C:\Program Files\Java\jdk1.8.0_152\jre\bin\server\jvm.dll
0x00007fffa0930000 - 0x00007fffa0938000 	C:\WINDOWS\System32\PSAPI.DLL
0x00007fff88f40000 - 0x00007fff88f49000 	C:\WINDOWS\SYSTEM32\WSOCK32.dll
0x00007fff9b130000 - 0x00007fff9b153000 	C:\WINDOWS\SYSTEM32\WINMM.dll
0x00007fff91ac0000 - 0x00007fff91aca000 	C:\WINDOWS\SYSTEM32\VERSION.dll
0x00007fffa0860000 - 0x00007fffa08cc000 	C:\WINDOWS\System32\WS2_32.dll
0x00007fff9b100000 - 0x00007fff9b12a000 	C:\WINDOWS\SYSTEM32\WINMMBASE.dll
0x00007fff9ec40000 - 0x00007fff9ec89000 	C:\WINDOWS\System32\cfgmgr32.dll
0x00000000777e0000 - 0x00000000777ef000 	C:\Program Files\Java\jdk1.8.0_152\jre\bin\verify.dll
0x00000000777b0000 - 0x00000000777d9000 	C:\Program Files\Java\jdk1.8.0_152\jre\bin\java.dll
0x0000000077790000 - 0x00000000777a6000 	C:\Program Files\Java\jdk1.8.0_152\jre\bin\zip.dll
0x00007fff9f420000 - 0x00007fffa0860000 	C:\WINDOWS\System32\SHELL32.dll
0x00007fffa15c0000 - 0x00007fffa1669000 	C:\WINDOWS\System32\shcore.dll
0x00007fff9e490000 - 0x00007fff9eb9d000 	C:\WINDOWS\System32\windows.storage.dll
0x00007fffa08d0000 - 0x00007fffa0921000 	C:\WINDOWS\System32\shlwapi.dll
0x00007fff9dbb0000 - 0x00007fff9dbc1000 	C:\WINDOWS\System32\kernel.appcore.dll
0x00007fff9db40000 - 0x00007fff9db5f000 	C:\WINDOWS\System32\profapi.dll
0x00007fff9db60000 - 0x00007fff9dbac000 	C:\WINDOWS\System32\powrprof.dll
0x00007fff9db30000 - 0x00007fff9db3a000 	C:\WINDOWS\System32\FLTLIB.DLL
0x00007fff9d3b0000 - 0x00007fff9d579000 	C:\WINDOWS\SYSTEM32\dbghelp.dll

VM Arguments:
jvm_args: -Xmx1G 
java_command: C:\Program Files (x86)\Android\android-sdk\build-tools\25.0.3\\lib\dx.jar --dex --no-strict --output obj\Debug\MonoAndroid81\android\bin C:\Users\Ashton\source\repos\RSVP4\RSVP4\RSVP4.Android\obj\Debug\MonoAndroid81\android\bin\classes.zip C:\Program Files (x86)\Microsoft Visual Studio\2017\Community\Common7\IDE\ReferenceAssemblies\Microsoft\Framework\MonoAndroid\v8.1\mono.android.jar obj\\Debug\MonoAndroid81\lp\0\jl\formsviewgroup.jar obj\\Debug\MonoAndroid81\lp\10\jl\arch-lifecycle-common.jar obj\\Debug\MonoAndroid81\lp\11\jl\bin\classes.jar obj\\Debug\MonoAndroid81\lp\12\jl\bin\classes.jar obj\\Debug\MonoAndroid81\lp\14\jl\bin\classes.jar obj\\Debug\MonoAndroid81\lp\15\jl\bin\classes.jar obj\\Debug\MonoAndroid81\lp\16\jl\bin\classes.jar obj\\Debug\MonoAndroid81\lp\17\jl\bin\classes.jar obj\\Debug\MonoAndroid81\lp\18\jl\bin\classes.jar obj\\Debug\MonoAndroid81\lp\19\jl\bin\classes.jar obj\\Debug\MonoAndroid81\lp\20\jl\bin\classes.jar obj\\Debug\MonoAndroid81\lp\21\jl\bin\classes.jar obj\\Debug\MonoAndroid81\lp\22\jl\bin\classes.jar obj\\Debug\MonoAndroid81\lp\23\jl\bin\classes.jar obj\\Debug\MonoAndroid81\lp\24\jl\bin\classes.jar obj\\Debug\MonoAndroid81\lp\25\jl\bin\classes.jar obj\\Debug\MonoAndroid81\lp\26\jl\bin\classes.jar obj\\Debug\MonoAndroid81\lp\27\jl\bin\classes.jar obj\\Debug\MonoAndroid81\lp\9\jl\arch-core-common.jar
java_class_path (initial): C:\Program Files (x86)\Android\android-sdk\build-tools\25.0.3\\lib\dx.jar
Launcher Type: SUN_STANDARD

Environment Variables:
JAVA_HOME=C:\Program Files\Java\jdk1.8.0_152
PATH=C:\Program Files\Java\jdk1.8.0_152\bin;C:\Program Files\Microsoft MPI\Bin\;C:\ProgramData\Oracle\Java\javapath;C:\WINDOWS\system32;C:\WINDOWS;C:\WINDOWS\System32\Wbem;C:\WINDOWS\System32\WindowsPowerShell\v1.0\;C:\Program Files\dotnet\;C:\Program Files\Microsoft SQL Server\130\Tools\Binn\;C:\ProgramData\Oracle\Java;C:\WINDOWS\System32\OpenSSH\;C:\Program Files (x86)\Microsoft Visual Studio\Shared\Python36_64\pythonw.exe;C:\Program Files (x86)\Microsoft SQL Server\140\Tools\Binn\;C:\Program Files\Microsoft SQL Server\140\Tools\Binn\;C:\Program Files (x86)\Microsoft SQL Server\140\DTS\Binn\;C:\Program Files\Microsoft SQL Server\140\DTS\Binn\;C:\Program Files\Microsoft SQL Server\Client SDK\ODBC\130\Tools\Binn\;C:\Program Files (x86)\Microsoft SQL Server\Client SDK\ODBC\130\Tools\Binn\;C:\Program Files (x86)\Microsoft SQL Server\140\Tools\Binn\ManagementStudio\;C:\Program Files\Git\cmd;C:\Users\Ashton\AppData\Local\Programs\Python\Python36-32\Scripts\;C:\Users\Ashton\AppData\Local\Programs\Python\Python36-32\;C:\ProgramData\Oracle\Java\javapath;C:\Users\Ashton\AppData\Local\Microsoft\WindowsApps;C:\ProgramFiles(x86)\MicrosoftVisualStudio\Shared\Python36_64\python;
USERNAME=Ashton
OS=Windows_NT
PROCESSOR_IDENTIFIER=Intel64 Family 6 Model 78 Stepping 3, GenuineIntel



---------------  S Y S T E M  ---------------

OS: Windows 10.0 , 64 bit Build 17134 (10.0.17134.1)

CPU:total 4 (initial active 4) (2 cores per cpu, 2 threads per core) family 6 model 78 stepping 3, cmov, cx8, fxsr, mmx, sse, sse2, sse3, ssse3, sse4.1, sse4.2, popcnt, avx, avx2, aes, clmul, erms, 3dnowpref, lzcnt, ht, tsc, tscinvbit, bmi1, bmi2, adx

Memory: 4k page, physical 8277996k(1099920k free), swap 15894004k(1951784k free)

vm_info: Java HotSpot(TM) 64-Bit Server VM (25.152-b16) for windows-amd64 JRE (1.8.0_152-b16), built on Sep 14 2017 02:29:36 by "java_re" with MS VC++ 10.0 (VS2010)

time: Thu Sep 27 19:43:42 2018
elapsed time: 5 seconds (0d 0h 0m 5s)

